<?xml version="1.0" encoding="UTF-8"?>
<!-- Generated by org.testng.reporters.JUnitXMLReporter -->
<testsuite ignored="3" hostname="LAPTOP-9IH8EFD5" failures="0" tests="0" time="9.12" errors="0" timestamp="2022-09-20T14:16:43 IST">
  <testcase classname="TestNG1.second" name="kohli" time="0.0">
    <ignored/>
  </testcase> <!-- kohli -->
  <testcase classname="TestNG1.second" name="dohni" time="0.0">
    <ignored/>
  </testcase> <!-- dohni -->
  <testcase classname="TestNG1.second" name="finding" time="0.0">
    <ignored/>
  </testcase> <!-- finding -->
</testsuite>
