<?xml version="1.0" encoding="UTF-8"?>
<!-- Generated by org.testng.reporters.JUnitXMLReporter -->
<testsuite ignored="4" hostname="LAPTOP-9IH8EFD5" failures="0" tests="0" time="28.326" errors="0" timestamp="2022-09-20T14:16:15 IST">
  <testcase classname="TestNG1.Third" name="Details" time="0.0">
    <ignored/>
  </testcase> <!-- Details -->
  <testcase classname="TestNG1.Third" name="ThreeLInes" time="0.0">
    <ignored/>
  </testcase> <!-- ThreeLInes -->
  <testcase classname="TestNG1.Third" name="login" time="0.0">
    <ignored/>
  </testcase> <!-- login -->
  <testcase classname="TestNG1.Third" name="Leave" time="0.0">
    <ignored/>
  </testcase> <!-- Leave -->
</testsuite>
