<?xml version="1.0" encoding="UTF-8"?>
<!-- Generated by org.testng.reporters.JUnitXMLReporter -->
<testsuite ignored="0" hostname="LAPTOP-9IH8EFD5" failures="0" tests="4" name="Default test" time="29.869" errors="0" timestamp="2022-11-09T11:01:42 IST">
  <testcase classname="GroupingConcept.second" name="dohni" time="4.354"/>
  <testcase classname="GroupingConcept.second" name="finding" time="4.074"/>
  <testcase classname="GroupingConcept.second" name="kohli" time="4.12"/>
  <testcase classname="GroupingConcept.test1" name="TestClass" time="0.0"/>
</testsuite> <!-- Default test -->
