<?xml version="1.0" encoding="UTF-8"?>
<!-- Generated by org.testng.reporters.JUnitXMLReporter -->
<testsuite ignored="4" hostname="LAPTOP-9IH8EFD5" failures="0" tests="2" name="Test2" time="0.006" errors="0" timestamp="2022-09-17T14:57:15 IST">
  <testcase classname="GroupingConcept.prioritize" name="saveTheTickets" time="0.001"/>
  <testcase classname="GroupingConcept.prioritize" name="signUp" time="0.001"/>
  <testcase classname="GroupingConcept.prioritize" name="Bookit" time="0.0">
    <ignored/>
  </testcase> <!-- Bookit -->
  <testcase classname="GroupingConcept.prioritize" name="logOut" time="0.0">
    <ignored/>
  </testcase> <!-- logOut -->
  <testcase classname="GroupingConcept.prioritize" name="Search" time="0.0">
    <ignored/>
  </testcase> <!-- Search -->
  <testcase classname="GroupingConcept.prioritize" name="logIn" time="0.0">
    <ignored/>
  </testcase> <!-- logIn -->
</testsuite> <!-- Test2 -->
