<?xml version="1.0" encoding="UTF-8"?>
<!-- Generated by org.testng.reporters.JUnitXMLReporter -->
<testsuite ignored="2" hostname="LAPTOP-9IH8EFD5" failures="0" tests="4" name="Test" time="0.068" errors="0" timestamp="2022-09-17T14:57:14 IST">
  <testcase classname="GroupingConcept.GroupClass1" name="Test1" time="0.012"/>
  <testcase classname="GroupingConcept.GroupClass1" name="Test2" time="0.001"/>
  <testcase classname="GroupingConcept.GroupClass1" name="Test4" time="0.002"/>
  <testcase classname="GroupingConcept.GroupClass1" name="Test5" time="0.002"/>
  <testcase classname="GroupingConcept.GroupClass1" name="Test6" time="0.0">
    <ignored/>
  </testcase> <!-- Test6 -->
  <testcase classname="GroupingConcept.GroupClass1" name="Test3" time="0.0">
    <ignored/>
  </testcase> <!-- Test3 -->
</testsuite> <!-- Test -->
